1,500,000,000        INFO    generation_base        bob EGA.bob.MemoryArray[0] protocol start with partner EGA.alice.MemoryArray[0]
2,000,000,000        INFO    generation_base        alice EGA.alice.MemoryArray[0] protocol start with partner EGA.bob.MemoryArray[0]
3,002,500,010        INFO    generation_base        alice EGA.alice.MemoryArray[0] protocol start with partner EGA.bob.MemoryArray[0]
3,002,500,010        INFO    generation_base        bob EGA.bob.MemoryArray[0] protocol start with partner EGA.alice.MemoryArray[0]
4,505,012,510        INFO    generation_base        alice failed entanglement of memory alice.MemoryArray[0]
4,505,012,510        INFO    generation_base        bob failed entanglement of memory bob.MemoryArray[0]
5,005,012,510        INFO    generation_base        bob EGA.bob.MemoryArray[0] protocol start with partner EGA.alice.MemoryArray[0]
5,505,012,510        INFO    generation_base        alice EGA.alice.MemoryArray[0] protocol start with partner EGA.bob.MemoryArray[0]
6,507,525,010        INFO    generation_base        alice EGA.alice.MemoryArray[0] protocol start with partner EGA.bob.MemoryArray[0]
6,507,525,010        INFO    generation_base        alice failed entanglement of memory alice.MemoryArray[0]
6,507,525,010        INFO    generation_base        bob EGA.bob.MemoryArray[0] protocol start with partner EGA.alice.MemoryArray[0]
6,507,525,010        INFO    generation_base        bob failed entanglement of memory bob.MemoryArray[0]
7,007,525,010        INFO    generation_base        bob EGA.bob.MemoryArray[0] protocol start with partner EGA.alice.MemoryArray[0]
7,507,525,010        INFO    generation_base        alice EGA.alice.MemoryArray[0] protocol start with partner EGA.bob.MemoryArray[0]
8,510,037,510        INFO    generation_base        alice EGA.alice.MemoryArray[0] protocol start with partner EGA.bob.MemoryArray[0]
8,510,037,510        INFO    generation_base        bob EGA.bob.MemoryArray[0] protocol start with partner EGA.alice.MemoryArray[0]
10,012,550,010       INFO    generation_base        alice failed entanglement of memory alice.MemoryArray[0]
10,012,550,010       INFO    generation_base        bob failed entanglement of memory bob.MemoryArray[0]
10,512,550,010       INFO    generation_base        bob EGA.bob.MemoryArray[0] protocol start with partner EGA.alice.MemoryArray[0]
11,012,550,010       INFO    generation_base        alice EGA.alice.MemoryArray[0] protocol start with partner EGA.bob.MemoryArray[0]
12,015,062,510       INFO    generation_base        alice EGA.alice.MemoryArray[0] protocol start with partner EGA.bob.MemoryArray[0]
12,015,062,510       INFO    generation_base        bob EGA.bob.MemoryArray[0] protocol start with partner EGA.alice.MemoryArray[0]
13,517,575,010       INFO    generation_base        alice failed entanglement of memory alice.MemoryArray[0]
13,517,575,010       INFO    generation_base        bob failed entanglement of memory bob.MemoryArray[0]
14,017,575,010       INFO    generation_base        bob EGA.bob.MemoryArray[0] protocol start with partner EGA.alice.MemoryArray[0]
14,517,575,010       INFO    generation_base        alice EGA.alice.MemoryArray[0] protocol start with partner EGA.bob.MemoryArray[0]
15,520,087,510       INFO    generation_base        alice EGA.alice.MemoryArray[0] protocol start with partner EGA.bob.MemoryArray[0]
15,520,087,510       INFO    generation_base        alice failed entanglement of memory alice.MemoryArray[0]
15,520,087,510       INFO    generation_base        bob EGA.bob.MemoryArray[0] protocol start with partner EGA.alice.MemoryArray[0]
15,520,087,510       INFO    generation_base        bob failed entanglement of memory bob.MemoryArray[0]
16,020,087,510       INFO    generation_base        bob EGA.bob.MemoryArray[0] protocol start with partner EGA.alice.MemoryArray[0]
16,520,087,510       INFO    generation_base        alice EGA.alice.MemoryArray[0] protocol start with partner EGA.bob.MemoryArray[0]
17,522,600,010       INFO    generation_base        alice EGA.alice.MemoryArray[0] protocol start with partner EGA.bob.MemoryArray[0]
17,522,600,010       INFO    generation_base        bob EGA.bob.MemoryArray[0] protocol start with partner EGA.alice.MemoryArray[0]
19,025,112,510       INFO    teleportation          alice.teleport.bob.DataMemoryArray[0] bell measurement results: x=1, z=1, remote memory=bob.MemoryArray[0]
19,525,112,510       INFO    teleportation          bob.teleport.alice: X-flip applied on memory bob.MemoryArray[0]
19,525,112,510       INFO    teleportation          bob.teleport.alice: Z-flip applied on memory bob.MemoryArray[0]
19,525,112,510       INFO    teleport_app           bob.TeleportApp: teleport done, state=[ 0.988259  +0.j         -0.08367364-0.12783925j]
